SF:lib\features\home\domain\entity\property_entity.dart
DA:11,1
DA:20,0
DA:21,0
LF:3
LH:1
end_of_record
SF:lib\features\home\domain\usecases\property_usecase.dart
DA:7,0
DA:8,0
DA:9,0
DA:15,0
DA:17,0
DA:18,0
LF:6
LH:0
end_of_record
SF:lib\features\home\presentation\viewmodel\property_viewmodel.dart
DA:5,2
DA:6,1
DA:7,0
DA:8,0
DA:12,1
DA:13,2
DA:14,1
DA:19,1
DA:20,2
DA:21,1
DA:24,1
DA:25,3
DA:26,1
DA:27,2
DA:28,1
DA:29,1
DA:32,2
DA:33,1
DA:34,0
DA:35,0
DA:36,1
DA:37,1
DA:38,3
DA:40,3
DA:41,2
LF:25
LH:21
end_of_record
SF:lib\core\failure\failure.dart
DA:5,1
LF:1
LH:1
end_of_record
SF:lib\features\home\domain\repository\property_repository.dart
DA:7,0
DA:8,0
LF:2
LH:0
end_of_record
SF:lib\app\contants\api_endpoint.dart
DA:2,0
LF:1
LH:0
end_of_record
SF:lib\core\networking\remote\dio_error_interceptor.dart
DA:4,0
DA:6,0
DA:8,0
DA:9,0
DA:10,0
DA:11,0
DA:12,0
DA:13,0
DA:16,0
DA:17,0
DA:18,0
DA:20,0
DA:25,0
DA:26,0
DA:28,0
DA:31,0
LF:16
LH:0
end_of_record
SF:lib\core\networking\remote\http_service.dart
DA:9,0
DA:10,0
DA:16,0
DA:18,0
DA:19,0
DA:20,0
DA:21,0
DA:22,0
DA:23,0
DA:24,0
DA:26,0
LF:11
LH:0
end_of_record
SF:lib\core\shared_prefs\user_shared_prefs.dart
DA:7,0
DA:8,0
DA:14,0
DA:16,0
DA:17,0
DA:18,0
DA:20,0
DA:24,0
DA:26,0
DA:27,0
DA:28,0
DA:30,0
LF:12
LH:0
end_of_record
SF:lib\features\home\data\data_source\remote\property_remote_data_source.dart
DA:19,0
DA:20,0
DA:21,0
DA:22,0
DA:23,0
DA:35,0
DA:41,0
DA:44,0
DA:45,0
DA:46,0
DA:48,0
DA:52,0
DA:53,0
DA:54,0
DA:58,0
DA:59,0
DA:60,0
DA:62,0
DA:63,0
DA:64,0
DA:65,0
DA:66,0
LF:22
LH:0
end_of_record
SF:lib\features\home\data\dto\pagination_dto.dart
DA:13,0
DA:19,0
DA:21,0
DA:22,0
LF:4
LH:0
end_of_record
SF:lib\features\home\data\dto\pagination_dto.g.dart
DA:9,0
DA:10,0
DA:11,0
DA:12,0
DA:13,0
DA:14,0
DA:15,0
DA:18,0
DA:19,0
DA:20,0
DA:21,0
DA:22,0
LF:12
LH:0
end_of_record
SF:lib\features\home\data\model\property_api_model.dart
DA:10,0
DA:11,0
DA:23,0
DA:32,2
DA:40,0
DA:41,0
DA:43,0
DA:46,0
DA:47,0
DA:48,0
DA:49,0
DA:50,0
DA:51,0
DA:52,0
DA:53,0
DA:58,0
DA:59,0
DA:60,0
DA:61,0
DA:62,0
DA:63,0
DA:64,0
DA:65,0
DA:70,0
DA:71,0
DA:74,0
DA:75,0
DA:78,0
DA:79,0
DA:80,0
DA:81,0
DA:82,0
DA:83,0
DA:84,0
DA:85,0
LF:35
LH:1
end_of_record
SF:lib\features\home\data\model\property_api_model.g.dart
DA:9,0
DA:10,0
DA:11,0
DA:12,0
DA:13,0
DA:14,0
DA:15,0
DA:16,0
DA:19,0
DA:20,0
DA:21,0
DA:22,0
DA:23,0
DA:24,0
DA:25,0
DA:26,0
LF:16
LH:0
end_of_record
SF:lib\features\home\data\repository\property_remote_repository.dart
DA:9,0
DA:10,0
DA:11,0
DA:18,0
DA:20,0
DA:22,0
LF:6
LH:0
end_of_record
SF:lib\features\home\presentation\state\property_state.dart
DA:9,1
DA:16,1
DA:17,1
DA:18,1
DA:25,1
DA:31,1
DA:32,1
DA:33,1
DA:34,1
DA:35,1
LF:10
LH:10
end_of_record
SF:lib\features\auth\domain\entity\auth_entity.dart
DA:12,1
DA:21,0
DA:22,0
DA:23,0
DA:24,0
DA:25,0
DA:26,0
DA:27,0
DA:28,0
LF:9
LH:1
end_of_record
SF:lib\features\auth\domain\usecases\auth_usecase.dart
DA:8,0
DA:9,0
DA:15,0
DA:17,0
DA:18,0
DA:21,0
DA:23,0
LF:7
LH:0
end_of_record
SF:lib\features\auth\presentation\navigator\register_navigator.dart
DA:8,0
DA:9,0
LF:2
LH:0
end_of_record
SF:lib\features\auth\presentation\navigator\login_navigator.dart
DA:7,0
DA:12,0
DA:13,0
LF:3
LH:0
end_of_record
SF:lib\features\home\presentation\navigator\home_navigator.dart
DA:7,0
DA:8,0
DA:14,0
DA:15,0
LF:4
LH:0
end_of_record
SF:lib\features\auth\presentation\viewmodel\auth_view_model.dart
DA:11,3
DA:12,0
DA:13,0
DA:14,0
DA:19,3
DA:23,0
DA:25,0
DA:30,1
DA:31,3
DA:32,2
DA:33,1
DA:34,1
DA:35,3
DA:37,1
DA:39,2
DA:41,0
DA:42,0
DA:43,0
DA:49,1
DA:53,3
DA:54,2
DA:55,1
DA:56,0
DA:57,0
DA:58,0
DA:60,1
DA:61,3
DA:62,1
DA:63,0
DA:68,0
DA:69,0
DA:72,0
DA:73,0
LF:33
LH:17
end_of_record
SF:lib\app\contants\hive_table_constant.dart
DA:2,0
LF:1
LH:0
end_of_record
SF:lib\app\navigator\navigator.dart
DA:5,0
DA:8,0
DA:9,0
DA:10,0
DA:11,0
DA:16,0
DA:17,0
DA:18,0
DA:19,0
DA:24,0
DA:25,0
DA:26,0
LF:12
LH:0
end_of_record
SF:lib\app\navigator_key\navigator_key.dart
DA:4,0
DA:6,3
LF:2
LH:1
end_of_record
SF:lib\core\common\provider\internet_connectivity.dart
DA:8,0
DA:9,0
DA:10,0
DA:17,0
DA:18,0
DA:20,0
DA:21,0
DA:22,0
DA:23,0
DA:25,0
DA:27,0
DA:28,0
DA:29,0
LF:13
LH:0
end_of_record
SF:lib\core\common\show_my_snackbar.dart
DA:4,1
DA:8,0
DA:10,2
DA:11,0
DA:12,0
DA:13,0
LF:6
LH:2
end_of_record
SF:lib\core\common\widgets\my_property_card.dart
DA:8,0
DA:10,0
DA:12,0
DA:14,0
DA:15,0
DA:17,0
DA:26,0
DA:27,0
DA:28,0
DA:30,0
DA:31,0
DA:32,0
DA:37,0
DA:45,0
DA:47,0
DA:49,0
DA:50,0
DA:51,0
DA:58,0
DA:59,0
DA:66,0
DA:67,0
DA:73,0
DA:74,0
DA:101,0
DA:104,0
DA:109,0
LF:27
LH:0
end_of_record
SF:lib\core\networking\local\hive_service.dart
DA:7,0
DA:10,0
DA:11,0
DA:12,0
DA:16,0
DA:22,0
DA:23,0
DA:24,0
DA:28,0
DA:29,0
DA:30,0
DA:31,0
DA:32,0
DA:37,0
DA:38,0
DA:39,0
DA:43,0
DA:44,0
DA:45,0
DA:46,0
DA:47,0
LF:21
LH:0
end_of_record
SF:lib\features\auth\data\model\auth_hive_model.dart
DA:8,0
DA:9,0
DA:31,0
DA:38,0
DA:40,0
DA:41,0
DA:50,0
DA:51,0
DA:52,0
DA:53,0
DA:54,0
DA:55,0
DA:56,0
DA:59,0
DA:60,0
DA:61,0
DA:62,0
DA:63,0
DA:64,0
DA:65,0
DA:68,0
DA:69,0
DA:71,0
DA:72,0
DA:74,0
DA:76,0
LF:26
LH:0
end_of_record
SF:lib\features\auth\data\model\auth_hive_model.g.dart
DA:13,0
DA:15,0
DA:16,0
DA:17,0
DA:19,0
DA:20,0
DA:21,0
DA:22,0
DA:23,0
DA:24,0
DA:25,0
DA:29,0
DA:32,0
DA:33,0
DA:34,0
DA:35,0
DA:36,0
DA:37,0
DA:38,0
DA:39,0
DA:40,0
DA:41,0
DA:42,0
DA:43,0
DA:44,0
DA:47,0
DA:48,0
DA:50,0
DA:53,0
DA:54,0
DA:55,0
LF:31
LH:0
end_of_record
SF:lib\features\auth\data\data_source\local\auth_local_data_source.dart
DA:8,0
DA:9,0
DA:10,0
DA:17,0
DA:22,0
DA:25,0
DA:26,0
DA:27,0
DA:31,0
DA:33,0
DA:36,0
DA:41,0
DA:43,0
DA:45,0
DA:46,0
DA:50,0
LF:16
LH:0
end_of_record
SF:lib\features\auth\data\data_source\remote\auth_remote_data_source.dart
DA:11,0
DA:12,0
DA:13,0
DA:14,0
DA:15,0
DA:24,0
DA:30,0
DA:32,0
DA:34,0
DA:36,0
DA:39,0
DA:40,0
DA:41,0
DA:42,0
DA:44,0
DA:45,0
DA:49,0
DA:52,0
DA:53,0
DA:55,0
DA:56,0
DA:57,0
DA:62,0
DA:63,0
DA:64,0
DA:65,0
DA:66,0
LF:27
LH:0
end_of_record
SF:lib\features\auth\data\model\auth_api_model.dart
DA:9,0
DA:10,0
DA:22,0
DA:31,1
DA:39,0
DA:40,0
DA:41,0
DA:42,0
DA:43,0
DA:44,0
DA:45,0
DA:46,0
DA:50,0
DA:51,0
DA:52,0
DA:53,0
DA:54,0
DA:55,0
DA:56,0
DA:60,0
DA:61,0
DA:63,0
DA:65,0
DA:66,0
DA:67,0
DA:68,0
DA:69,0
DA:70,0
DA:71,0
DA:72,0
LF:30
LH:1
end_of_record
SF:lib\features\auth\data\model\auth_api_model.g.dart
DA:9,0
DA:10,0
DA:11,0
DA:12,0
DA:13,0
DA:14,0
DA:15,0
DA:18,0
DA:19,0
DA:20,0
DA:21,0
DA:22,0
DA:23,0
DA:24,0
DA:25,0
LF:15
LH:0
end_of_record
SF:lib\features\auth\data\repository\auth_local_repository.dart
DA:9,0
DA:10,0
DA:11,0
DA:18,0
DA:20,0
DA:22,0
DA:25,0
DA:27,0
LF:8
LH:0
end_of_record
SF:lib\features\auth\domain\repository\i_auth_repository.dart
DA:9,0
DA:11,0
DA:12,0
DA:13,0
DA:15,0
LF:5
LH:0
end_of_record
SF:lib\features\auth\data\repository\auth_remote_repository.dart
DA:8,0
DA:9,0
DA:10,0
DA:17,0
DA:19,0
DA:21,0
DA:24,0
DA:26,0
LF:8
LH:0
end_of_record
SF:lib\features\auth\presentation\view\login_view.dart
DA:7,2
DA:9,0
DA:10,0
DA:18,0
DA:20,0
DA:21,0
DA:22,0
DA:23,0
DA:25,0
DA:26,0
DA:27,0
DA:29,0
DA:30,0
DA:44,0
DA:45,0
DA:49,0
DA:50,0
DA:53,0
DA:60,0
DA:61,0
DA:65,0
DA:66,0
DA:69,0
DA:76,0
DA:78,0
DA:79,0
DA:81,0
DA:82,0
DA:87,0
DA:88,0
DA:89,0
DA:90,0
DA:100,0
DA:102,0
DA:104,0
DA:105,0
DA:106,0
DA:108,0
DA:109,0
DA:147,0
DA:149,0
DA:150,0
DA:153,0
DA:154,0
DA:156,0
DA:162,0
DA:165,0
DA:166,0
DA:168,0
DA:184,0
DA:192,0
DA:194,0
DA:196,0
DA:197,0
DA:198,0
LF:55
LH:1
end_of_record
SF:lib\features\auth\presentation\view\register_view.dart
DA:8,2
DA:10,0
DA:11,0
DA:24,0
DA:26,0
DA:28,0
DA:29,0
DA:30,0
DA:32,0
DA:33,0
DA:34,0
DA:37,0
DA:38,0
DA:53,0
DA:54,0
DA:57,0
DA:58,0
DA:65,0
DA:66,0
DA:69,0
DA:70,0
DA:77,0
DA:78,0
DA:82,0
DA:83,0
DA:86,0
DA:93,0
DA:94,0
DA:97,0
DA:98,0
DA:101,0
DA:108,0
DA:109,0
DA:112,0
DA:113,0
DA:116,0
DA:123,0
DA:124,0
DA:127,0
DA:128,0
DA:131,0
DA:138,0
DA:139,0
DA:141,0
DA:142,0
DA:147,0
DA:148,0
DA:149,0
DA:150,0
DA:151,0
DA:152,0
DA:153,0
DA:154,0
DA:157,0
DA:158,0
DA:159,0
DA:165,0
DA:167,0
DA:169,0
DA:170,0
DA:171,0
DA:173,0
DA:174,0
DA:190,0
DA:198,0
DA:200,0
DA:202,0
DA:203,0
DA:204,0
DA:215,0
DA:223,0
DA:225,0
DA:227,0
DA:228,0
DA:229,0
LF:75
LH:1
end_of_record
SF:lib\features\auth\presentation\state\auth_state.dart
DA:6,1
DA:12,1
DA:13,1
DA:20,1
DA:25,1
DA:26,0
DA:27,1
DA:28,1
DA:32,0
DA:33,0
LF:10
LH:7
end_of_record
SF:lib\features\home\presentation\view\home_view.dart
DA:14,1
DA:16,0
DA:17,0
DA:33,0
DA:35,0
DA:36,0
DA:37,0
DA:39,0
DA:43,0
DA:46,0
DA:48,0
DA:49,0
DA:50,0
DA:51,0
DA:52,0
DA:56,0
DA:57,0
DA:59,0
DA:60,0
DA:62,0
DA:64,0
DA:73,0
DA:75,0
DA:76,0
DA:77,0
DA:92,0
DA:93,0
DA:94,0
DA:95,0
LF:29
LH:1
end_of_record
SF:lib\features\home\presentation\view\bottom_view\dashboard_view.dart
DA:7,1
DA:9,0
DA:10,0
DA:17,0
DA:19,0
DA:20,0
DA:23,0
DA:25,0
DA:26,0
DA:29,0
DA:31,0
DA:33,0
DA:34,0
DA:35,0
DA:36,0
DA:37,0
DA:41,0
DA:42,0
DA:44,0
DA:45,0
DA:46,0
DA:47,0
DA:48,0
DA:49,0
DA:55,0
DA:56,0
DA:57,0
DA:59,0
DA:60,0
DA:61,0
DA:63,0
DA:64,0
DA:65,0
DA:68,0
DA:71,0
DA:72,0
DA:75,0
DA:76,0
DA:81,0
DA:83,0
DA:86,0
DA:88,0
DA:89,0
DA:91,0
DA:92,0
DA:117,0
DA:127,0
DA:129,0
DA:153,0
DA:163,0
DA:164,0
DA:165,0
DA:166,0
DA:169,0
DA:170,0
LF:55
LH:1
end_of_record
SF:lib\features\home\presentation\view\bottom_view\profile_view.dart
DA:4,1
DA:6,0
DA:7,0
DA:11,0
DA:13,0
DA:14,0
LF:6
LH:1
end_of_record
SF:lib\features\home\presentation\view\bottom_view\setting_view.dart
DA:4,1
DA:6,0
DA:7,0
DA:11,0
DA:13,0
DA:14,0
LF:6
LH:1
end_of_record
SF:lib\features\home\presentation\viewmodel\home_viewmodel.dart
DA:8,0
DA:9,0
DA:13,0
DA:16,0
DA:17,0
DA:18,0
DA:19,0
DA:22,0
DA:23,0
LF:9
LH:0
end_of_record
